c:\users\pat\documents\visual studio 2013\projects\consoleapplication1\consoleapplication1\debug\consoleapplication1.pch
c:\users\pat\documents\visual studio 2013\projects\consoleapplication1\consoleapplication1\debug\vc120.pdb
c:\users\pat\documents\visual studio 2013\projects\consoleapplication1\consoleapplication1\debug\vc120.idb
c:\users\pat\documents\visual studio 2013\projects\consoleapplication1\consoleapplication1\debug\stdafx.obj
c:\users\pat\documents\visual studio 2013\projects\consoleapplication1\consoleapplication1\debug\consoleapplication1.obj
c:\users\pat\documents\visual studio 2013\projects\consoleapplication1\debug\consoleapplication1.ilk
c:\users\pat\documents\visual studio 2013\projects\consoleapplication1\debug\consoleapplication1.exe
c:\users\pat\documents\visual studio 2013\projects\consoleapplication1\debug\consoleapplication1.pdb
c:\users\pat\documents\visual studio 2013\projects\consoleapplication1\ds-project\consoleapplication1\debug\consoleapplication1.obj
c:\users\pat\documents\visual studio 2013\projects\consoleapplication1\ds-project\consoleapplication1\debug\stdafx.obj
c:\users\pat\documents\visual studio 2013\projects\consoleapplication1\ds-project\consoleapplication1\debug\algorithms.pch
c:\users\pat\documents\visual studio 2013\projects\consoleapplication1\ds-project\consoleapplication1\debug\vc120.idb
c:\users\pat\documents\visual studio 2013\projects\consoleapplication1\ds-project\consoleapplication1\debug\vc120.pdb
c:\users\pat\documents\visual studio 2013\projects\consoleapplication1\ds-project\debug\consoleapplication1.pdb
c:\users\pat\documents\visual studio 2013\projects\consoleapplication1\ds-project\debug\consoleapplication1.exe
c:\users\pat\documents\visual studio 2013\projects\consoleapplication1\ds-project\debug\consoleapplication1.ilk
c:\users\pat\documents\visual studio 2013\projects\consoleapplication1\ds-project\consoleapplication1\debug\consolea.0b20bcf7.tlog\cl.command.1.tlog
c:\users\pat\documents\visual studio 2013\projects\consoleapplication1\ds-project\consoleapplication1\debug\consolea.0b20bcf7.tlog\cl.read.1.tlog
c:\users\pat\documents\visual studio 2013\projects\consoleapplication1\ds-project\consoleapplication1\debug\consolea.0b20bcf7.tlog\cl.write.1.tlog
c:\users\pat\documents\visual studio 2013\projects\consoleapplication1\ds-project\consoleapplication1\debug\consolea.0b20bcf7.tlog\link.command.1.tlog
c:\users\pat\documents\visual studio 2013\projects\consoleapplication1\ds-project\consoleapplication1\debug\consolea.0b20bcf7.tlog\link.read.1.tlog
c:\users\pat\documents\visual studio 2013\projects\consoleapplication1\ds-project\consoleapplication1\debug\consolea.0b20bcf7.tlog\link.write.1.tlog
